<?xml version="1.0" encoding="UTF-8"?>
<coverage generated="1595611358">
  <project timestamp="1595611358">
    <package name="Neoan3\Apps">
      <file name="/var/www/html/fileAway/FileAway.php">
        <class name="Neoan3\Apps\FileAway" namespace="Neoan3\Apps">
          <metrics complexity="20" methods="8" coveredmethods="8" conditionals="0" coveredconditionals="0" statements="35" coveredstatements="35" elements="43" coveredelements="43"/>
        </class>
        <line num="13" type="method" name="__construct" complexity="2" crap="2" count="4"/>
        <line num="15" type="stmt" count="4"/>
        <line num="16" type="stmt" count="4"/>
        <line num="17" type="stmt" count="1"/>
        <line num="19" type="stmt" count="4"/>
        <line num="20" type="stmt" count="4"/>
        <line num="22" type="method" name="read" visibility="private" complexity="3" crap="3" count="3"/>
        <line num="24" type="stmt" count="3"/>
        <line num="25" type="stmt" count="2"/>
        <line num="27" type="stmt" count="2"/>
        <line num="30" type="method" name="save" complexity="1" crap="1" count="2"/>
        <line num="32" type="stmt" count="2"/>
        <line num="33" type="stmt" count="2"/>
        <line num="35" type="method" name="setEntity" complexity="2" crap="2" count="3"/>
        <line num="37" type="stmt" count="3"/>
        <line num="38" type="stmt" count="3"/>
        <line num="39" type="stmt" count="2"/>
        <line num="41" type="stmt" count="3"/>
        <line num="44" type="method" name="delete" complexity="2" crap="2" count="1"/>
        <line num="46" type="stmt" count="1"/>
        <line num="48" type="stmt" count="1"/>
        <line num="49" type="stmt" count="1"/>
        <line num="51" type="stmt" count="1"/>
        <line num="52" type="stmt" count="1"/>
        <line num="55" type="method" name="findOne" complexity="3" crap="3" count="2"/>
        <line num="57" type="stmt" count="2"/>
        <line num="58" type="stmt" count="2"/>
        <line num="59" type="stmt" count="2"/>
        <line num="61" type="stmt" count="1"/>
        <line num="64" type="method" name="find" complexity="6" crap="6" count="3"/>
        <line num="66" type="stmt" count="3"/>
        <line num="67" type="stmt" count="3"/>
        <line num="68" type="stmt" count="1"/>
        <line num="70" type="stmt" count="2"/>
        <line num="71" type="stmt" count="2"/>
        <line num="72" type="stmt" count="2"/>
        <line num="73" type="stmt" count="2"/>
        <line num="75" type="stmt" count="2"/>
        <line num="76" type="stmt" count="2"/>
        <line num="82" type="stmt" count="3"/>
        <line num="85" type="method" name="add" complexity="1" crap="1" count="3"/>
        <line num="87" type="stmt" count="3"/>
        <line num="88" type="stmt" count="3"/>
        <metrics loc="89" ncloc="89" classes="1" methods="8" coveredmethods="8" conditionals="0" coveredconditionals="0" statements="35" coveredstatements="35" elements="43" coveredelements="43"/>
      </file>
    </package>
    <metrics files="1" loc="89" ncloc="89" classes="1" methods="8" coveredmethods="8" conditionals="0" coveredconditionals="0" statements="35" coveredstatements="35" elements="43" coveredelements="43"/>
  </project>
</coverage>
